-------------------------------------------------------------------------------
Test set: SimulacaoConsultarTest
-------------------------------------------------------------------------------
Tests run: 3, Failures: 1, Errors: 0, Skipped: 0, Time elapsed: 0.025 s <<< FAILURE! - in SimulacaoConsultarTest
naoDeveRetornarSimulacaoDoCpf  Time elapsed: 0.019 s  <<< FAILURE!
org.opentest4j.AssertionFailedError: expected: <{"mensagem":"CPF 02655532023 nÃ£o encontrado"}> but was: <{"mensagem":"CPF 02655532023 não encontrado"}>
	at SimulacaoConsultarTest.naoDeveRetornarSimulacaoDoCpf(SimulacaoConsultarTest.java:61)

