<?xml version="1.0" encoding="UTF-8"?>
<testsuite xmlns:xsi="http://www.w3.org/2001/XMLSchema-instance" xsi:noNamespaceSchemaLocation="https://maven.apache.org/surefire/maven-surefire-plugin/xsd/surefire-test-report.xsd" name="SimulacoDeletarTest" time="0.002" tests="2" errors="0" skipped="0" failures="2">
  <properties>
[...]
</properties>
  <testcase name="deveDeletarSimulacaoComId" classname="SimulacoDeletarTest" time="0">
    <failure message="expected: &lt;204&gt; but was: &lt;200&gt;" type="org.opentest4j.AssertionFailedError"><![CDATA[org.opentest4j.AssertionFailedError: expected: <204> but was: <200>
	at SimulacoDeletarTest.deveDeletarSimulacaoComId(SimulacoDeletarTest.java:31)
]]></failure>
  </testcase>
  <testcase name="naoDeveDeletarSimulacaoComId" classname="SimulacoDeletarTest" time="0">
    <failure message="expected: &lt;404&gt; but was: &lt;200&gt;" type="org.opentest4j.AssertionFailedError"><![CDATA[org.opentest4j.AssertionFailedError: expected: <404> but was: <200>
	at SimulacoDeletarTest.naoDeveDeletarSimulacaoComId(SimulacoDeletarTest.java:49)
]]></failure>
  </testcase>
</testsuite>