<?xml version="1.0" encoding="UTF-8"?>
<testsuite xmlns:xsi="http://www.w3.org/2001/XMLSchema-instance" xsi:noNamespaceSchemaLocation="https://maven.apache.org/surefire/maven-surefire-plugin/xsd/surefire-test-report.xsd" name="SimulacaoInserirTest" time="0.332" tests="14" errors="0" skipped="0" failures="11">
  <properties>
[...]
</properties>
  <testcase name="naoDeveInserirSimulacaoSemSeguro" classname="SimulacaoInserirTest" time="0.033">
    <failure message="expected: &lt;500&gt; but was: &lt;400&gt;" type="org.opentest4j.AssertionFailedError"><![CDATA[org.opentest4j.AssertionFailedError: expected: <500> but was: <400>
	at SimulacaoInserirTest.naoDeveInserirSimulacaoSemSeguro(SimulacaoInserirTest.java:275)
]]></failure>
  </testcase>
  <testcase name="deveInserirSimulacaoStatus400" classname="SimulacaoInserirTest" time="0.031">
    <failure message="expected: &lt;{&quot;erros&quot;:{&quot;parcelas&quot;:&quot;Parcelas nÃ£o pode ser vazio&quot;,&quot;valor&quot;:&quot;Valor nÃ£o pode ser vazio&quot;}}&gt; but was: &lt;{&quot;erros&quot;:{&quot;parcelas&quot;:&quot;Parcelas não pode ser vazio&quot;,&quot;valor&quot;:&quot;Valor não pode ser vazio&quot;}}&gt;" type="org.opentest4j.AssertionFailedError"><![CDATA[org.opentest4j.AssertionFailedError: expected: <{"erros":{"parcelas":"Parcelas nÃ£o pode ser vazio","valor":"Valor nÃ£o pode ser vazio"}}> but was: <{"erros":{"parcelas":"Parcelas não pode ser vazio","valor":"Valor não pode ser vazio"}}>
	at SimulacaoInserirTest.deveInserirSimulacaoStatus400(SimulacaoInserirTest.java:71)
]]></failure>
  </testcase>
  <testcase name="deveInserirSimulacaoStatus409" classname="SimulacaoInserirTest" time="0.026">
    <failure message="expected: &lt;409&gt; but was: &lt;400&gt;" type="org.opentest4j.AssertionFailedError"><![CDATA[org.opentest4j.AssertionFailedError: expected: <409> but was: <400>
	at SimulacaoInserirTest.deveInserirSimulacaoStatus409(SimulacaoInserirTest.java:100)
]]></failure>
  </testcase>
  <testcase name="deveInserirSimulacaotatus201" classname="SimulacaoInserirTest" time="0.025">
    <failure message="expected: &lt;201&gt; but was: &lt;400&gt;" type="org.opentest4j.AssertionFailedError"><![CDATA[org.opentest4j.AssertionFailedError: expected: <201> but was: <400>
	at SimulacaoInserirTest.deveInserirSimulacaotatus201(SimulacaoInserirTest.java:43)
]]></failure>
  </testcase>
  <testcase name="naoDeveInserirSimulacaoSemParcelas" classname="SimulacaoInserirTest" time="0.019">
    <failure message="expected: &lt;{&quot;erros&quot;:{&quot;parcelas&quot;:&quot;Parcelas nÃ£o pode ser vazio&quot;}}&gt; but was: &lt;{&quot;erros&quot;:{&quot;parcelas&quot;:&quot;Parcelas não pode ser vazio&quot;}}&gt;" type="org.opentest4j.AssertionFailedError"><![CDATA[org.opentest4j.AssertionFailedError: expected: <{"erros":{"parcelas":"Parcelas nÃ£o pode ser vazio"}}> but was: <{"erros":{"parcelas":"Parcelas não pode ser vazio"}}>
	at SimulacaoInserirTest.naoDeveInserirSimulacaoSemParcelas(SimulacaoInserirTest.java:246)
]]></failure>
  </testcase>
  <testcase name="naoDeveInserirSimulacaoSemNome" classname="SimulacaoInserirTest" time="0.022">
    <failure message="expected: &lt;{&quot;erros&quot;:{&quot;nome&quot;:&quot;Nome nÃ£o pode ser vazio&quot;}}&gt; but was: &lt;{&quot;erros&quot;:{&quot;nome&quot;:&quot;Nome não pode ser vazio&quot;}}&gt;" type="org.opentest4j.AssertionFailedError"><![CDATA[org.opentest4j.AssertionFailedError: expected: <{"erros":{"nome":"Nome nÃ£o pode ser vazio"}}> but was: <{"erros":{"nome":"Nome não pode ser vazio"}}>
	at SimulacaoInserirTest.naoDeveInserirSimulacaoSemNome(SimulacaoInserirTest.java:159)
]]></failure>
  </testcase>
  <testcase name="naoDeveInserirSimulacaoValorMenorQue1000" classname="SimulacaoInserirTest" time="0.026"/>
  <testcase name="naoDeveInserirSimulacaoParcelaMaiorQue48" classname="SimulacaoInserirTest" time="0.024">
    <failure message="expected: &lt;400&gt; but was: &lt;201&gt;" type="org.opentest4j.AssertionFailedError"><![CDATA[org.opentest4j.AssertionFailedError: expected: <400> but was: <201>
	at SimulacaoInserirTest.naoDeveInserirSimulacaoParcelaMaiorQue48(SimulacaoInserirTest.java:395)
]]></failure>
  </testcase>
  <testcase name="naoDeveInserirSimulacaoParcelaMenorQue2" classname="SimulacaoInserirTest" time="0.017"/>
  <testcase name="naoDeveInserirSimulacaoSemEmail" classname="SimulacaoInserirTest" time="0.018">
    <failure message="expected: &lt;{&quot;erros&quot;:{&quot;email&quot;:&quot;E-mail nÃ£o deve ser vazio&quot;}}&gt; but was: &lt;{&quot;erros&quot;:{&quot;email&quot;:&quot;E-mail não deve ser vazio&quot;}}&gt;" type="org.opentest4j.AssertionFailedError"><![CDATA[org.opentest4j.AssertionFailedError: expected: <{"erros":{"email":"E-mail nÃ£o deve ser vazio"}}> but was: <{"erros":{"email":"E-mail não deve ser vazio"}}>
	at SimulacaoInserirTest.naoDeveInserirSimulacaoSemEmail(SimulacaoInserirTest.java:188)
]]></failure>
  </testcase>
  <testcase name="naoDeveInserirSimulacaoSemValor" classname="SimulacaoInserirTest" time="0.019">
    <failure message="expected: &lt;{&quot;erros&quot;:{&quot;valor&quot;:&quot;Valor nÃ£o pode ser vazio&quot;}}&gt; but was: &lt;{&quot;erros&quot;:{&quot;valor&quot;:&quot;Valor não pode ser vazio&quot;}}&gt;" type="org.opentest4j.AssertionFailedError"><![CDATA[org.opentest4j.AssertionFailedError: expected: <{"erros":{"valor":"Valor nÃ£o pode ser vazio"}}> but was: <{"erros":{"valor":"Valor não pode ser vazio"}}>
	at SimulacaoInserirTest.naoDeveInserirSimulacaoSemValor(SimulacaoInserirTest.java:217)
]]></failure>
  </testcase>
  <testcase name="naoDeveInserirSimulacaoValorMaiorQue40000" classname="SimulacaoInserirTest" time="0.023"/>
  <testcase name="naoDeveInserirSimulacaoSemCpf" classname="SimulacaoInserirTest" time="0.022">
    <failure message="expected: &lt;{&quot;erros&quot;:{&quot;cpf&quot;:&quot;CPF nÃ£o pode ser vazio&quot;}}&gt; but was: &lt;{&quot;erros&quot;:{&quot;cpf&quot;:&quot;CPF não pode ser vazio&quot;}}&gt;" type="org.opentest4j.AssertionFailedError"><![CDATA[org.opentest4j.AssertionFailedError: expected: <{"erros":{"cpf":"CPF nÃ£o pode ser vazio"}}> but was: <{"erros":{"cpf":"CPF não pode ser vazio"}}>
	at SimulacaoInserirTest.naoDeveInserirSimulacaoSemCpf(SimulacaoInserirTest.java:130)
]]></failure>
  </testcase>
  <testcase name="naoDeveInserirSimulacaoComEmailInvalido" classname="SimulacaoInserirTest" time="0.022">
    <failure message="expected: &lt;{&quot;erros&quot;:{&quot;email&quot;:&quot;E-mail deve ser um e-mail vÃ¡lido&quot;}}&gt; but was: &lt;{&quot;erros&quot;:{&quot;email&quot;:&quot;E-mail deve ser um e-mail válido&quot;}}&gt;" type="org.opentest4j.AssertionFailedError"><![CDATA[org.opentest4j.AssertionFailedError: expected: <{"erros":{"email":"E-mail deve ser um e-mail vÃ¡lido"}}> but was: <{"erros":{"email":"E-mail deve ser um e-mail válido"}}>
	at SimulacaoInserirTest.naoDeveInserirSimulacaoComEmailInvalido(SimulacaoInserirTest.java:425)
]]></failure>
  </testcase>
</testsuite>