<?xml version="1.0" encoding="UTF-8"?>
<testsuite xmlns:xsi="http://www.w3.org/2001/XMLSchema-instance" xsi:noNamespaceSchemaLocation="https://maven.apache.org/surefire/maven-surefire-plugin/xsd/surefire-test-report.xsd" name="SimulacaoTest" time="0.595" tests="14" errors="0" skipped="0" failures="5">
  <properties>
[...]
</properties>
  <testcase name="naoDeveInserirSimulacaoSemSeguro" classname="SimulacaoTest" time="0.28"/>
  <testcase name="deveInserirSimulacaoStatus400" classname="SimulacaoTest" time="0.023"/>
  <testcase name="deveInserirSimulacaoStatus409" classname="SimulacaoTest" time="0.028"/>
  <testcase name="deveRetornarSimulacoesStatus200" classname="SimulacaoTest" time="0.04"/>
  <testcase name="deveInserirSimulacaotatus201" classname="SimulacaoTest" time="0.025"/>
  <testcase name="naoDeveInserirSimulacaoSemParcelas" classname="SimulacaoTest" time="0.034">
    <failure message="expected: &lt;{&quot;erros&quot;:{&quot;parcelas&quot;:&quot;Parcelas nÃ£o pode ser vazio&quot;}}&gt; but was: &lt;{&quot;erros&quot;:{&quot;parcelas&quot;:&quot;Parcelas não pode ser vazio&quot;}}&gt;" type="org.opentest4j.AssertionFailedError"><![CDATA[org.opentest4j.AssertionFailedError: expected: <{"erros":{"parcelas":"Parcelas nÃ£o pode ser vazio"}}> but was: <{"erros":{"parcelas":"Parcelas não pode ser vazio"}}>
	at SimulacaoTest.naoDeveInserirSimulacaoSemParcelas(SimulacaoTest.java:267)
]]></failure>
  </testcase>
  <testcase name="naoDeveInserirSimulacaoSemNome" classname="SimulacaoTest" time="0.024">
    <failure message="expected: &lt;{&quot;erros&quot;:{&quot;nome&quot;:&quot;Nome nÃ£o pode ser vazio&quot;}}&gt; but was: &lt;{&quot;erros&quot;:{&quot;nome&quot;:&quot;Nome não pode ser vazio&quot;}}&gt;" type="org.opentest4j.AssertionFailedError"><![CDATA[org.opentest4j.AssertionFailedError: expected: <{"erros":{"nome":"Nome nÃ£o pode ser vazio"}}> but was: <{"erros":{"nome":"Nome não pode ser vazio"}}>
	at SimulacaoTest.naoDeveInserirSimulacaoSemNome(SimulacaoTest.java:177)
]]></failure>
  </testcase>
  <testcase name="naoDeveInserirSimulacaoValorMenorQue1000" classname="SimulacaoTest" time="0.023"/>
  <testcase name="naoDeveInserirSimulacaoParcelaMaiorQue48" classname="SimulacaoTest" time="0.021"/>
  <testcase name="naoDeveInserirSimulacaoParcelaMenorQue2" classname="SimulacaoTest" time="0.015"/>
  <testcase name="naoDeveInserirSimulacaoSemEmail" classname="SimulacaoTest" time="0.02">
    <failure message="expected: &lt;{&quot;erros&quot;:{&quot;email&quot;:&quot;E-mail nÃ£o deve ser vazio&quot;}}&gt; but was: &lt;{&quot;erros&quot;:{&quot;email&quot;:&quot;E-mail não deve ser vazio&quot;}}&gt;" type="org.opentest4j.AssertionFailedError"><![CDATA[org.opentest4j.AssertionFailedError: expected: <{"erros":{"email":"E-mail nÃ£o deve ser vazio"}}> but was: <{"erros":{"email":"E-mail não deve ser vazio"}}>
	at SimulacaoTest.naoDeveInserirSimulacaoSemEmail(SimulacaoTest.java:207)
]]></failure>
  </testcase>
  <testcase name="naoDeveInserirSimulacaoSemValor" classname="SimulacaoTest" time="0.018">
    <failure message="expected: &lt;{&quot;erros&quot;:{&quot;valor&quot;:&quot;Valor nÃ£o pode ser vazio&quot;}}&gt; but was: &lt;{&quot;erros&quot;:{&quot;valor&quot;:&quot;Valor não pode ser vazio&quot;}}&gt;" type="org.opentest4j.AssertionFailedError"><![CDATA[org.opentest4j.AssertionFailedError: expected: <{"erros":{"valor":"Valor nÃ£o pode ser vazio"}}> but was: <{"erros":{"valor":"Valor não pode ser vazio"}}>
	at SimulacaoTest.naoDeveInserirSimulacaoSemValor(SimulacaoTest.java:237)
]]></failure>
  </testcase>
  <testcase name="naoDeveInserirSimulacaoValorMaiorQue40000" classname="SimulacaoTest" time="0.018"/>
  <testcase name="naoDeveInserirSimulacaoSemCpf" classname="SimulacaoTest" time="0.018">
    <failure message="expected: &lt;{&quot;erros&quot;:{&quot;cpf&quot;:&quot;CPF nÃ£o pode ser vazio&quot;}}&gt; but was: &lt;{&quot;erros&quot;:{&quot;cpf&quot;:&quot;CPF não pode ser vazio&quot;}}&gt;" type="org.opentest4j.AssertionFailedError"><![CDATA[org.opentest4j.AssertionFailedError: expected: <{"erros":{"cpf":"CPF nÃ£o pode ser vazio"}}> but was: <{"erros":{"cpf":"CPF não pode ser vazio"}}>
	at SimulacaoTest.naoDeveInserirSimulacaoSemCpf(SimulacaoTest.java:147)
]]></failure>
  </testcase>
</testsuite>